0 info it worked if it ends with ok
1 verbose cli [ 'C:\\Program Files\\nodejs\\node.exe',
1 verbose cli   'C:\\Program Files\\nodejs\\node_modules\\npm\\bin\\npm-cli.js',
1 verbose cli   'install',
1 verbose cli   '-g',
1 verbose cli   'firebase-tools' ]
2 info using npm@3.10.10
3 info using node@v6.10.0
4 silly loadCurrentTree Starting
5 silly install loadCurrentTree
6 silly install readGlobalPackageData
7 silly fetchPackageMetaData firebase-tools
8 silly fetchNamedPackageData firebase-tools
9 silly mapToRegistry name firebase-tools
10 silly mapToRegistry using default registry
11 silly mapToRegistry registry https://registry.npmjs.org/
12 silly mapToRegistry data Result {
12 silly mapToRegistry   raw: 'firebase-tools',
12 silly mapToRegistry   scope: null,
12 silly mapToRegistry   escapedName: 'firebase-tools',
12 silly mapToRegistry   name: 'firebase-tools',
12 silly mapToRegistry   rawSpec: '',
12 silly mapToRegistry   spec: 'latest',
12 silly mapToRegistry   type: 'tag' }
13 silly mapToRegistry uri https://registry.npmjs.org/firebase-tools
14 verbose request uri https://registry.npmjs.org/firebase-tools
15 verbose request no auth needed
16 info attempt registry request try #1 at 5:06:17 PM
17 verbose request id a6ac08a03ec65245
18 verbose etag W/"58b52c6f-18759"
19 verbose lastModified Tue, 28 Feb 2017 07:53:19 GMT
20 http request GET https://registry.npmjs.org/firebase-tools
21 http 304 https://registry.npmjs.org/firebase-tools
22 verbose headers { date: 'Fri, 03 Mar 2017 11:36:49 GMT',
22 verbose headers   via: '1.1 varnish',
22 verbose headers   'cache-control': 'max-age=300',
22 verbose headers   etag: 'W/"58b52c6f-18759"',
22 verbose headers   age: '122',
22 verbose headers   connection: 'keep-alive',
22 verbose headers   'x-served-by': 'cache-lhr6351-LHR',
22 verbose headers   'x-cache': 'HIT',
22 verbose headers   'x-cache-hits': '1',
22 verbose headers   'x-timer': 'S1488541009.816520,VS0,VE0',
22 verbose headers   vary: 'Accept-Encoding' }
23 silly get cb [ 304,
23 silly get   { date: 'Fri, 03 Mar 2017 11:36:49 GMT',
23 silly get     via: '1.1 varnish',
23 silly get     'cache-control': 'max-age=300',
23 silly get     etag: 'W/"58b52c6f-18759"',
23 silly get     age: '122',
23 silly get     connection: 'keep-alive',
23 silly get     'x-served-by': 'cache-lhr6351-LHR',
23 silly get     'x-cache': 'HIT',
23 silly get     'x-cache-hits': '1',
23 silly get     'x-timer': 'S1488541009.816520,VS0,VE0',
23 silly get     vary: 'Accept-Encoding' } ]
24 verbose etag https://registry.npmjs.org/firebase-tools from cache
25 verbose get saving firebase-tools to C:\Users\Rachit\AppData\Roaming\npm-cache\registry.npmjs.org\firebase-tools\.cache.json
26 verbose correctMkdir C:\Users\Rachit\AppData\Roaming\npm-cache correctMkdir not in flight; initializing
27 silly install normalizeTree
28 silly loadCurrentTree Finishing
29 silly loadIdealTree Starting
30 silly install loadIdealTree
31 silly cloneCurrentTree Starting
32 silly install cloneCurrentTreeToIdealTree
33 silly cloneCurrentTree Finishing
34 silly loadShrinkwrap Starting
35 silly install loadShrinkwrap
36 silly loadShrinkwrap Finishing
37 silly loadAllDepsIntoIdealTree Starting
38 silly install loadAllDepsIntoIdealTree
39 silly resolveWithNewModule firebase-tools@3.4.0 checking installable status
40 silly cache add args [ 'firebase-tools', null ]
41 verbose cache add spec firebase-tools
42 silly cache add parsed spec Result {
42 silly cache add   raw: 'firebase-tools',
42 silly cache add   scope: null,
42 silly cache add   escapedName: 'firebase-tools',
42 silly cache add   name: 'firebase-tools',
42 silly cache add   rawSpec: '',
42 silly cache add   spec: 'latest',
42 silly cache add   type: 'tag' }
43 silly addNamed firebase-tools@latest
44 verbose addNamed "latest" is being treated as a dist-tag for firebase-tools
45 info addNameTag [ 'firebase-tools', 'latest' ]
46 silly mapToRegistry name firebase-tools
47 silly mapToRegistry using default registry
48 silly mapToRegistry registry https://registry.npmjs.org/
49 silly mapToRegistry data Result {
49 silly mapToRegistry   raw: 'firebase-tools',
49 silly mapToRegistry   scope: null,
49 silly mapToRegistry   escapedName: 'firebase-tools',
49 silly mapToRegistry   name: 'firebase-tools',
49 silly mapToRegistry   rawSpec: '',
49 silly mapToRegistry   spec: 'latest',
49 silly mapToRegistry   type: 'tag' }
50 silly mapToRegistry uri https://registry.npmjs.org/firebase-tools
51 verbose addNameTag registry:https://registry.npmjs.org/firebase-tools not in flight; fetching
52 verbose get https://registry.npmjs.org/firebase-tools not expired, no request
53 silly addNameTag next cb for firebase-tools with tag latest
54 silly addNamed firebase-tools@3.4.0
55 verbose addNamed "3.4.0" is a plain semver version for firebase-tools
56 silly mapToRegistry name firebase-tools
57 silly mapToRegistry using default registry
58 silly mapToRegistry registry https://registry.npmjs.org/
59 silly mapToRegistry data Result {
59 silly mapToRegistry   raw: 'firebase-tools',
59 silly mapToRegistry   scope: null,
59 silly mapToRegistry   escapedName: 'firebase-tools',
59 silly mapToRegistry   name: 'firebase-tools',
59 silly mapToRegistry   rawSpec: '',
59 silly mapToRegistry   spec: 'latest',
59 silly mapToRegistry   type: 'tag' }
60 silly mapToRegistry uri https://registry.npmjs.org/firebase-tools
61 verbose addRemoteTarball https://registry.npmjs.org/firebase-tools/-/firebase-tools-3.4.0.tgz not in flight; adding
62 verbose addRemoteTarball [ 'https://registry.npmjs.org/firebase-tools/-/firebase-tools-3.4.0.tgz',
62 verbose addRemoteTarball   'c26d066c6f07fbebaa3a694d15c6a6776f16e50c' ]
63 silly rollbackFailedOptional Starting
64 silly rollbackFailedOptional Finishing
65 silly runTopLevelLifecycles Finishing
66 silly install printInstalled
67 verbose stack Error: EPERM: operation not permitted, mkdir 'C:\PROGRA~2\CODEBL~1\MinGW\bin\npm-2064-8f537955'
67 verbose stack     at Error (native)
68 verbose cwd C:\Users\Rachit\AndroidStudioProjects\friendlychat\Wallpics
69 error Windows_NT 6.1.7600
70 error argv "C:\\Program Files\\nodejs\\node.exe" "C:\\Program Files\\nodejs\\node_modules\\npm\\bin\\npm-cli.js" "install" "-g" "firebase-tools"
71 error node v6.10.0
72 error npm  v3.10.10
73 error path C:\PROGRA~2\CODEBL~1\MinGW\bin\npm-2064-8f537955
74 error code EPERM
75 error errno -4048
76 error syscall mkdir
77 error Error: EPERM: operation not permitted, mkdir 'C:\PROGRA~2\CODEBL~1\MinGW\bin\npm-2064-8f537955'
77 error     at Error (native)
77 error  { Error: EPERM: operation not permitted, mkdir 'C:\PROGRA~2\CODEBL~1\MinGW\bin\npm-2064-8f537955'
77 error     at Error (native)
77 error   errno: -4048,
77 error   code: 'EPERM',
77 error   syscall: 'mkdir',
77 error   path: 'C:\\PROGRA~2\\CODEBL~1\\MinGW\\bin\\npm-2064-8f537955' }
78 error Please try running this command again as root/Administrator.
79 verbose exit [ -4048, true ]
